Using pre-set license
Built from '2020.2/staging' branch; Version is '2020.2.7f1 (c53830e277f1) revision 12924976'; Using compiler version '192528614'; Build Type 'Release'
OS: 'Windows 10 Home; OS build 19042.1110; Version 2009; 64bit' Language: 'ja' Physical Memory: 16332 MB
BatchMode: 1, IsHumanControllingUs: 0, StartBugReporterOnCrash: 0, Is64bit: 1, IsPro: 0

 COMMAND LINE ARGUMENTS:
C:\Program Files\Unity\Hub\Editor\2020.2.7f1\Editor\Unity.exe
-adb2
-batchMode
-noUpm
-name
AssetImportWorker0
-projectPath
C:/Users/ksank/Documents/unity/カードゲーム
-logFile
Logs/AssetImportWorker0.log
-srvPort
61054
Successfully changed project path to: C:/Users/ksank/Documents/unity/カードゲーム
C:/Users/ksank/Documents/unity/カードゲーム
Using Asset Import Pipeline V2.
Refreshing native plugins compatible for Editor in 193.71 ms, found 1 plugins.
Preloading 0 native plugins for Editor in 0.00 ms.
Initialize engine version: 2020.2.7f1 (c53830e277f1)
[Subsystems] Discovering subsystems at path C:/Program Files/Unity/Hub/Editor/2020.2.7f1/Editor/Data/Resources/UnitySubsystems
[Subsystems] Discovering subsystems at path C:/Users/ksank/Documents/unity/カードゲーム/Assets
GfxDevice: creating device client; threaded=0
Direct3D:
    Version:  Direct3D 11.0 [level 11.1]
    Renderer: NVIDIA GeForce GTX 1060 3GB (ID=0x1b84)
    Vendor:   
    VRAM:     2988 MB
    Driver:   30.0.14.7111
Initialize mono
Mono path[0] = 'C:/Program Files/Unity/Hub/Editor/2020.2.7f1/Editor/Data/Managed'
Mono path[1] = 'C:/Program Files/Unity/Hub/Editor/2020.2.7f1/Editor/Data/MonoBleedingEdge/lib/mono/unityjit'
Mono config path = 'C:/Program Files/Unity/Hub/Editor/2020.2.7f1/Editor/Data/MonoBleedingEdge/etc'
Using monoOptions --debugger-agent=transport=dt_socket,embedding=1,server=y,suspend=n,address=127.0.0.1:56428
Begin MonoManager ReloadAssembly
Registering precompiled unity dll's ...
Register platform support module: C:/Program Files/Unity/Hub/Editor/2020.2.7f1/Editor/Data/PlaybackEngines/WindowsStandaloneSupport/UnityEditor.WindowsStandalone.Extensions.dll
Registered in 0.143716 seconds.
Native extension for WindowsStandalone target not found
Refreshing native plugins compatible for Editor in 44.26 ms, found 1 plugins.
Preloading 0 native plugins for Editor in 0.00 ms.
Invoked RoslynAnalysisRunner static constructor.
RoslynAnalysisRunner will not be running.
RoslynAnalysisRunner has terminated.
Mono: successfully reloaded assembly
- Completed reload, in  4.837 seconds
Platform modules already initialized, skipping
Registering precompiled user dll's ...
Registered in 0.075688 seconds.
Begin MonoManager ReloadAssembly
Native extension for WindowsStandalone target not found
Refreshing native plugins compatible for Editor in 44.94 ms, found 1 plugins.
Preloading 0 native plugins for Editor in 0.00 ms.
Invoked RoslynAnalysisRunner static constructor.
RoslynAnalysisRunner will not be running.
RoslynAnalysisRunner has terminated.
Mono: successfully reloaded assembly
- Completed reload, in  3.658 seconds
Platform modules already initialized, skipping
========================================================================
Worker process is ready to serve import requests
Launched and connected shader compiler UnityShaderCompiler.exe after 0.10 seconds
Refreshing native plugins compatible for Editor in 0.49 ms, found 1 plugins.
Preloading 0 native plugins for Editor in 0.00 ms.
Unloading 1814 Unused Serialized files (Serialized files now loaded: 0)
System memory in use before: 84.9 MB.
System memory in use after: 84.9 MB.

Unloading 24 unused Assets to reduce memory usage. Loaded Objects now: 2258.
Total: 1.948000 ms (FindLiveObjects: 0.174500 ms CreateObjectMapping: 0.068600 ms MarkObjects: 1.582000 ms  DeleteObjects: 0.121500 ms)

========================================================================
Received Import Request.
  path: Assets/Script/GameManager.cs
  artifactKey: Guid(f17ebc4345ceb4a45b654da18f3fec16) Importer(815301076,1909f56bfc062723c751e8b465ee728b)
Start importing Assets/Script/GameManager.cs using Guid(f17ebc4345ceb4a45b654da18f3fec16) Importer(815301076,1909f56bfc062723c751e8b465ee728b)  -> (artifact id: '15677b37dc89992b6b121686be0d9e06') in 0.047772 seconds
  Import took 0.051246 seconds .

========================================================================
Received Prepare
Registering precompiled user dll's ...
Registered in 0.001165 seconds.
Begin MonoManager ReloadAssembly
Native extension for WindowsStandalone target not found
Refreshing native plugins compatible for Editor in 0.38 ms, found 1 plugins.
Preloading 0 native plugins for Editor in 0.00 ms.
Invoked RoslynAnalysisRunner static constructor.
RoslynAnalysisRunner will not be running.
RoslynAnalysisRunner has terminated.
Mono: successfully reloaded assembly
- Completed reload, in  1.100 seconds
Platform modules already initialized, skipping
Refreshing native plugins compatible for Editor in 0.35 ms, found 1 plugins.
Preloading 0 native plugins for Editor in 0.00 ms.
Unloading 1809 Unused Serialized files (Serialized files now loaded: 0)
System memory in use before: 84.9 MB.
System memory in use after: 84.9 MB.

Unloading 12 unused Assets to reduce memory usage. Loaded Objects now: 2262.
Total: 2.804500 ms (FindLiveObjects: 0.295700 ms CreateObjectMapping: 0.113100 ms MarkObjects: 2.258100 ms  DeleteObjects: 0.136700 ms)

========================================================================
Received Prepare
Registering precompiled user dll's ...
Registered in 0.000996 seconds.
Begin MonoManager ReloadAssembly
Native extension for WindowsStandalone target not found
Refreshing native plugins compatible for Editor in 0.45 ms, found 1 plugins.
Preloading 0 native plugins for Editor in 0.00 ms.
Invoked RoslynAnalysisRunner static constructor.
RoslynAnalysisRunner will not be running.
RoslynAnalysisRunner has terminated.
Mono: successfully reloaded assembly
- Completed reload, in  1.520 seconds
Platform modules already initialized, skipping
Refreshing native plugins compatible for Editor in 0.35 ms, found 1 plugins.
Preloading 0 native plugins for Editor in 0.00 ms.
Unloading 1809 Unused Serialized files (Serialized files now loaded: 0)
System memory in use before: 85.0 MB.
System memory in use after: 85.0 MB.

Unloading 12 unused Assets to reduce memory usage. Loaded Objects now: 2266.
Total: 2.692400 ms (FindLiveObjects: 0.230700 ms CreateObjectMapping: 0.083400 ms MarkObjects: 2.224200 ms  DeleteObjects: 0.151700 ms)

========================================================================
Received Import Request.
  Time since last request: 470.721809 seconds.
  path: Assets/Script/CardView.cs
  artifactKey: Guid(411534178389c4d49bee023ad66962a7) Importer(815301076,1909f56bfc062723c751e8b465ee728b)
Start importing Assets/Script/CardView.cs using Guid(411534178389c4d49bee023ad66962a7) Importer(815301076,1909f56bfc062723c751e8b465ee728b)  -> (artifact id: 'c15fb67babcbd0f460d31b1737c58f2a') in 0.024738 seconds
  Import took 0.032064 seconds .

========================================================================
Received Import Request.
  Time since last request: 81.247077 seconds.
  path: Assets/Resources/CardEntityList/Card1.asset
  artifactKey: Guid(c5f60be8329db8e40a409ffcb113a589) Importer(815301076,1909f56bfc062723c751e8b465ee728b)
Start importing Assets/Resources/CardEntityList/Card1.asset using Guid(c5f60be8329db8e40a409ffcb113a589) Importer(815301076,1909f56bfc062723c751e8b465ee728b)  -> (artifact id: '2a6c4514704cc71204f40360b49e1942') in 0.024123 seconds
  Import took 0.027092 seconds .

========================================================================
Received Import Request.
  Time since last request: 0.000307 seconds.
  path: Assets/Resources/CardEntityList/Card2.asset
  artifactKey: Guid(55dc00610d27f1944ac07fa28cb51171) Importer(815301076,1909f56bfc062723c751e8b465ee728b)
Start importing Assets/Resources/CardEntityList/Card2.asset using Guid(55dc00610d27f1944ac07fa28cb51171) Importer(815301076,1909f56bfc062723c751e8b465ee728b)  -> (artifact id: 'aefc676e993c1ff73543110ccfdf0af1') in 0.014075 seconds
  Import took 0.017712 seconds .

========================================================================
Received Prepare
Registering precompiled user dll's ...
Registered in 0.002040 seconds.
Begin MonoManager ReloadAssembly
Native extension for WindowsStandalone target not found
Refreshing native plugins compatible for Editor in 0.33 ms, found 1 plugins.
Preloading 0 native plugins for Editor in 0.00 ms.
Invoked RoslynAnalysisRunner static constructor.
RoslynAnalysisRunner will not be running.
RoslynAnalysisRunner has terminated.
Mono: successfully reloaded assembly
- Completed reload, in  1.018 seconds
Platform modules already initialized, skipping
Refreshing native plugins compatible for Editor in 0.34 ms, found 1 plugins.
Preloading 0 native plugins for Editor in 0.00 ms.
Unloading 1809 Unused Serialized files (Serialized files now loaded: 0)
System memory in use before: 85.0 MB.
System memory in use after: 85.0 MB.

Unloading 12 unused Assets to reduce memory usage. Loaded Objects now: 2270.
Total: 2.299000 ms (FindLiveObjects: 0.218000 ms CreateObjectMapping: 0.088000 ms MarkObjects: 1.880300 ms  DeleteObjects: 0.111500 ms)

========================================================================
Received Prepare
Registering precompiled user dll's ...
Registered in 0.002738 seconds.
Begin MonoManager ReloadAssembly
Native extension for WindowsStandalone target not found
Refreshing native plugins compatible for Editor in 0.34 ms, found 1 plugins.
Preloading 0 native plugins for Editor in 0.00 ms.
Invoked RoslynAnalysisRunner static constructor.
RoslynAnalysisRunner will not be running.
RoslynAnalysisRunner has terminated.
Mono: successfully reloaded assembly
- Completed reload, in  1.131 seconds
Platform modules already initialized, skipping
Refreshing native plugins compatible for Editor in 0.35 ms, found 1 plugins.
Preloading 0 native plugins for Editor in 0.00 ms.
Unloading 1809 Unused Serialized files (Serialized files now loaded: 0)
System memory in use before: 85.0 MB.
System memory in use after: 85.0 MB.

Unloading 12 unused Assets to reduce memory usage. Loaded Objects now: 2274.
Total: 2.230000 ms (FindLiveObjects: 0.189300 ms CreateObjectMapping: 0.068600 ms MarkObjects: 1.838100 ms  DeleteObjects: 0.132900 ms)

========================================================================
Received Prepare
Registering precompiled user dll's ...
Registered in 0.001169 seconds.
Begin MonoManager ReloadAssembly
Native extension for WindowsStandalone target not found
Refreshing native plugins compatible for Editor in 0.35 ms, found 1 plugins.
Preloading 0 native plugins for Editor in 0.00 ms.
Invoked RoslynAnalysisRunner static constructor.
RoslynAnalysisRunner will not be running.
RoslynAnalysisRunner has terminated.
Mono: successfully reloaded assembly
- Completed reload, in  1.120 seconds
Platform modules already initialized, skipping
Refreshing native plugins compatible for Editor in 0.35 ms, found 1 plugins.
Preloading 0 native plugins for Editor in 0.00 ms.
Unloading 1809 Unused Serialized files (Serialized files now loaded: 0)
System memory in use before: 85.0 MB.
System memory in use after: 85.0 MB.

Unloading 12 unused Assets to reduce memory usage. Loaded Objects now: 2278.
Total: 2.604700 ms (FindLiveObjects: 0.223300 ms CreateObjectMapping: 0.078700 ms MarkObjects: 2.163500 ms  DeleteObjects: 0.138000 ms)

========================================================================
Received Import Request.
  Time since last request: 1576.362965 seconds.
  path: Assets/Resources/Card.prefab
  artifactKey: Guid(fbedd60621d167c47bcc680d721e8002) Importer(815301076,1909f56bfc062723c751e8b465ee728b)
Start importing Assets/Resources/Card.prefab using Guid(fbedd60621d167c47bcc680d721e8002) Importer(815301076,1909f56bfc062723c751e8b465ee728b)  -> (artifact id: '5729fa876cd0a38621648f50b96ef543') in 0.097371 seconds
  Import took 0.101234 seconds .

========================================================================
Received Prepare
Registering precompiled user dll's ...
Registered in 0.001168 seconds.
Begin MonoManager ReloadAssembly
Native extension for WindowsStandalone target not found
Refreshing native plugins compatible for Editor in 0.34 ms, found 1 plugins.
Preloading 0 native plugins for Editor in 0.00 ms.
Invoked RoslynAnalysisRunner static constructor.
RoslynAnalysisRunner will not be running.
RoslynAnalysisRunner has terminated.
Mono: successfully reloaded assembly
- Completed reload, in  1.063 seconds
Platform modules already initialized, skipping
Refreshing native plugins compatible for Editor in 0.36 ms, found 1 plugins.
Preloading 0 native plugins for Editor in 0.00 ms.
Unloading 1809 Unused Serialized files (Serialized files now loaded: 0)
System memory in use before: 85.0 MB.
System memory in use after: 85.0 MB.

Unloading 13 unused Assets to reduce memory usage. Loaded Objects now: 2282.
Total: 2.187000 ms (FindLiveObjects: 0.188400 ms CreateObjectMapping: 0.068500 ms MarkObjects: 1.803600 ms  DeleteObjects: 0.125700 ms)

========================================================================
Received Prepare
Registering precompiled user dll's ...
Registered in 0.001433 seconds.
Begin MonoManager ReloadAssembly
Native extension for WindowsStandalone target not found
Refreshing native plugins compatible for Editor in 0.53 ms, found 1 plugins.
Preloading 0 native plugins for Editor in 0.00 ms.
Invoked RoslynAnalysisRunner static constructor.
RoslynAnalysisRunner will not be running.
RoslynAnalysisRunner has terminated.
Mono: successfully reloaded assembly
- Completed reload, in  1.097 seconds
Platform modules already initialized, skipping
Refreshing native plugins compatible for Editor in 0.37 ms, found 1 plugins.
Preloading 0 native plugins for Editor in 0.00 ms.
Unloading 1809 Unused Serialized files (Serialized files now loaded: 0)
System memory in use before: 85.0 MB.
System memory in use after: 85.0 MB.

Unloading 12 unused Assets to reduce memory usage. Loaded Objects now: 2286.
Total: 2.992300 ms (FindLiveObjects: 0.385600 ms CreateObjectMapping: 0.124300 ms MarkObjects: 2.313800 ms  DeleteObjects: 0.155300 ms)

========================================================================
Received Prepare
Registering precompiled user dll's ...
Registered in 0.001216 seconds.
Begin MonoManager ReloadAssembly
Native extension for WindowsStandalone target not found
Refreshing native plugins compatible for Editor in 0.38 ms, found 1 plugins.
Preloading 0 native plugins for Editor in 0.00 ms.
Invoked RoslynAnalysisRunner static constructor.
RoslynAnalysisRunner will not be running.
RoslynAnalysisRunner has terminated.
Mono: successfully reloaded assembly
- Completed reload, in  1.055 seconds
Platform modules already initialized, skipping
Refreshing native plugins compatible for Editor in 0.35 ms, found 1 plugins.
Preloading 0 native plugins for Editor in 0.00 ms.
Unloading 1809 Unused Serialized files (Serialized files now loaded: 0)
System memory in use before: 85.1 MB.
System memory in use after: 85.0 MB.

Unloading 12 unused Assets to reduce memory usage. Loaded Objects now: 2290.
Total: 4.158100 ms (FindLiveObjects: 0.260500 ms CreateObjectMapping: 0.087900 ms MarkObjects: 3.624900 ms  DeleteObjects: 0.183100 ms)

========================================================================
Received Prepare
Registering precompiled user dll's ...
Registered in 0.001417 seconds.
Begin MonoManager ReloadAssembly
Native extension for WindowsStandalone target not found
Refreshing native plugins compatible for Editor in 0.40 ms, found 1 plugins.
Preloading 0 native plugins for Editor in 0.00 ms.
Invoked RoslynAnalysisRunner static constructor.
RoslynAnalysisRunner will not be running.
RoslynAnalysisRunner has terminated.
Mono: successfully reloaded assembly
- Completed reload, in  1.585 seconds
Platform modules already initialized, skipping
Refreshing native plugins compatible for Editor in 0.34 ms, found 1 plugins.
Preloading 0 native plugins for Editor in 0.00 ms.
Unloading 1809 Unused Serialized files (Serialized files now loaded: 0)
System memory in use before: 85.1 MB.
System memory in use after: 85.1 MB.

Unloading 12 unused Assets to reduce memory usage. Loaded Objects now: 2294.
Total: 1.960400 ms (FindLiveObjects: 0.201300 ms CreateObjectMapping: 0.071100 ms MarkObjects: 1.579300 ms  DeleteObjects: 0.107600 ms)

========================================================================
Received Prepare
Registering precompiled user dll's ...
Registered in 0.005142 seconds.
Begin MonoManager ReloadAssembly
Native extension for WindowsStandalone target not found
Refreshing native plugins compatible for Editor in 0.35 ms, found 1 plugins.
Preloading 0 native plugins for Editor in 0.00 ms.
Invoked RoslynAnalysisRunner static constructor.
RoslynAnalysisRunner will not be running.
RoslynAnalysisRunner has terminated.
Mono: successfully reloaded assembly
- Completed reload, in  1.182 seconds
Platform modules already initialized, skipping
Refreshing native plugins compatible for Editor in 0.34 ms, found 1 plugins.
Preloading 0 native plugins for Editor in 0.00 ms.
Unloading 1809 Unused Serialized files (Serialized files now loaded: 0)
System memory in use before: 85.1 MB.
System memory in use after: 85.1 MB.

Unloading 12 unused Assets to reduce memory usage. Loaded Objects now: 2298.
Total: 2.464600 ms (FindLiveObjects: 0.302000 ms CreateObjectMapping: 0.196400 ms MarkObjects: 1.842300 ms  DeleteObjects: 0.122800 ms)

========================================================================
Received Prepare
Registering precompiled user dll's ...
Registered in 0.001434 seconds.
Begin MonoManager ReloadAssembly
Native extension for WindowsStandalone target not found
Refreshing native plugins compatible for Editor in 1.34 ms, found 1 plugins.
Preloading 0 native plugins for Editor in 0.00 ms.
Invoked RoslynAnalysisRunner static constructor.
RoslynAnalysisRunner will not be running.
RoslynAnalysisRunner has terminated.
Mono: successfully reloaded assembly
- Completed reload, in  1.523 seconds
Platform modules already initialized, skipping
Refreshing native plugins compatible for Editor in 0.72 ms, found 1 plugins.
Preloading 0 native plugins for Editor in 0.00 ms.
Unloading 1809 Unused Serialized files (Serialized files now loaded: 0)
System memory in use before: 85.1 MB.
System memory in use after: 85.1 MB.

Unloading 12 unused Assets to reduce memory usage. Loaded Objects now: 2302.
Total: 2.675700 ms (FindLiveObjects: 0.220100 ms CreateObjectMapping: 0.094800 ms MarkObjects: 2.242300 ms  DeleteObjects: 0.117000 ms)

========================================================================
Received Prepare
Registering precompiled user dll's ...
Registered in 0.001019 seconds.
Begin MonoManager ReloadAssembly
Native extension for WindowsStandalone target not found
Refreshing native plugins compatible for Editor in 0.34 ms, found 1 plugins.
Preloading 0 native plugins for Editor in 0.00 ms.
Invoked RoslynAnalysisRunner static constructor.
RoslynAnalysisRunner will not be running.
RoslynAnalysisRunner has terminated.
Mono: successfully reloaded assembly
- Completed reload, in  1.001 seconds
Platform modules already initialized, skipping
Refreshing native plugins compatible for Editor in 0.35 ms, found 1 plugins.
Preloading 0 native plugins for Editor in 0.00 ms.
Unloading 1809 Unused Serialized files (Serialized files now loaded: 0)
System memory in use before: 85.1 MB.
System memory in use after: 85.1 MB.

Unloading 12 unused Assets to reduce memory usage. Loaded Objects now: 2306.
Total: 4.058600 ms (FindLiveObjects: 0.436600 ms CreateObjectMapping: 0.123900 ms MarkObjects: 3.209800 ms  DeleteObjects: 0.286600 ms)

========================================================================
Received Prepare
Registering precompiled user dll's ...
Registered in 0.001013 seconds.
Begin MonoManager ReloadAssembly
Native extension for WindowsStandalone target not found
Refreshing native plugins compatible for Editor in 0.35 ms, found 1 plugins.
Preloading 0 native plugins for Editor in 0.00 ms.
Invoked RoslynAnalysisRunner static constructor.
RoslynAnalysisRunner will not be running.
RoslynAnalysisRunner has terminated.
Mono: successfully reloaded assembly
- Completed reload, in  1.067 seconds
Platform modules already initialized, skipping
Refreshing native plugins compatible for Editor in 0.35 ms, found 1 plugins.
Preloading 0 native plugins for Editor in 0.00 ms.
Unloading 1809 Unused Serialized files (Serialized files now loaded: 0)
System memory in use before: 85.1 MB.
System memory in use after: 85.1 MB.

Unloading 12 unused Assets to reduce memory usage. Loaded Objects now: 2310.
Total: 2.037800 ms (FindLiveObjects: 0.200400 ms CreateObjectMapping: 0.074900 ms MarkObjects: 1.649900 ms  DeleteObjects: 0.110500 ms)

========================================================================
Received Prepare
Registering precompiled user dll's ...
Registered in 0.001049 seconds.
Begin MonoManager ReloadAssembly
Native extension for WindowsStandalone target not found
Refreshing native plugins compatible for Editor in 0.36 ms, found 1 plugins.
Preloading 0 native plugins for Editor in 0.00 ms.
Invoked RoslynAnalysisRunner static constructor.
RoslynAnalysisRunner will not be running.
RoslynAnalysisRunner has terminated.
Mono: successfully reloaded assembly
- Completed reload, in  1.391 seconds
Platform modules already initialized, skipping
Refreshing native plugins compatible for Editor in 0.55 ms, found 1 plugins.
Preloading 0 native plugins for Editor in 0.00 ms.
Unloading 1809 Unused Serialized files (Serialized files now loaded: 0)
System memory in use before: 85.1 MB.
System memory in use after: 85.1 MB.

Unloading 12 unused Assets to reduce memory usage. Loaded Objects now: 2314.
Total: 4.424200 ms (FindLiveObjects: 0.208400 ms CreateObjectMapping: 0.074500 ms MarkObjects: 4.033900 ms  DeleteObjects: 0.106000 ms)

========================================================================
Received Prepare
Registering precompiled user dll's ...
Registered in 0.000986 seconds.
Begin MonoManager ReloadAssembly
Native extension for WindowsStandalone target not found
Refreshing native plugins compatible for Editor in 0.35 ms, found 1 plugins.
Preloading 0 native plugins for Editor in 0.00 ms.
Invoked RoslynAnalysisRunner static constructor.
RoslynAnalysisRunner will not be running.
RoslynAnalysisRunner has terminated.
Mono: successfully reloaded assembly
- Completed reload, in  0.995 seconds
Platform modules already initialized, skipping
Refreshing native plugins compatible for Editor in 0.47 ms, found 1 plugins.
Preloading 0 native plugins for Editor in 0.00 ms.
Unloading 1809 Unused Serialized files (Serialized files now loaded: 0)
System memory in use before: 85.1 MB.
System memory in use after: 85.1 MB.

Unloading 12 unused Assets to reduce memory usage. Loaded Objects now: 2318.
Total: 2.137100 ms (FindLiveObjects: 0.201400 ms CreateObjectMapping: 0.078200 ms MarkObjects: 1.741800 ms  DeleteObjects: 0.114800 ms)

========================================================================
Received Prepare
Registering precompiled user dll's ...
Registered in 0.001042 seconds.
Begin MonoManager ReloadAssembly
Native extension for WindowsStandalone target not found
Refreshing native plugins compatible for Editor in 0.53 ms, found 1 plugins.
Preloading 0 native plugins for Editor in 0.00 ms.
Invoked RoslynAnalysisRunner static constructor.
RoslynAnalysisRunner will not be running.
RoslynAnalysisRunner has terminated.
Mono: successfully reloaded assembly
- Completed reload, in  1.674 seconds
Platform modules already initialized, skipping
Refreshing native plugins compatible for Editor in 0.54 ms, found 1 plugins.
Preloading 0 native plugins for Editor in 0.00 ms.
Unloading 1809 Unused Serialized files (Serialized files now loaded: 0)
System memory in use before: 85.1 MB.
System memory in use after: 85.1 MB.

Unloading 12 unused Assets to reduce memory usage. Loaded Objects now: 2322.
Total: 9.758800 ms (FindLiveObjects: 1.078500 ms CreateObjectMapping: 0.739200 ms MarkObjects: 7.825100 ms  DeleteObjects: 0.113400 ms)

========================================================================
Received Import Request.
  Time since last request: 1525.941593 seconds.
  path: Assets/Resources/CardEntityList/Card2.asset
  artifactKey: Guid(55dc00610d27f1944ac07fa28cb51171) Importer(815301076,1909f56bfc062723c751e8b465ee728b)
Start importing Assets/Resources/CardEntityList/Card2.asset using Guid(55dc00610d27f1944ac07fa28cb51171) Importer(815301076,1909f56bfc062723c751e8b465ee728b)  -> (artifact id: 'd5dff6f23d776f04f8291cbe902df6ed') in 0.038657 seconds
  Import took 0.042033 seconds .

========================================================================
Received Import Request.
  Time since last request: 0.000181 seconds.
  path: Assets/Resources/CardEntityList/Card1.asset
  artifactKey: Guid(c5f60be8329db8e40a409ffcb113a589) Importer(815301076,1909f56bfc062723c751e8b465ee728b)
Start importing Assets/Resources/CardEntityList/Card1.asset using Guid(c5f60be8329db8e40a409ffcb113a589) Importer(815301076,1909f56bfc062723c751e8b465ee728b)  -> (artifact id: 'e28a64f0822ed65f0049c8bef2df82c6') in 0.010405 seconds
  Import took 0.014334 seconds .

========================================================================
Received Import Request.
  Time since last request: 0.000151 seconds.
  path: Assets/Resources/CardEntityList/Card2 1.asset
  artifactKey: Guid(f06e15ffbe91b9f4fb34b684a7da09d8) Importer(815301076,1909f56bfc062723c751e8b465ee728b)
Start importing Assets/Resources/CardEntityList/Card2 1.asset using Guid(f06e15ffbe91b9f4fb34b684a7da09d8) Importer(815301076,1909f56bfc062723c751e8b465ee728b)  -> (artifact id: 'bf45f57aab5506c5d2f8e1d22b0061e3') in 0.020027 seconds
  Import took 0.023506 seconds .

========================================================================
Received Import Request.
  Time since last request: 0.004797 seconds.
  path: Assets/Resources/CardEntityList/Card2 1.asset
  artifactKey: Guid(f06e15ffbe91b9f4fb34b684a7da09d8) Importer(815301076,1909f56bfc062723c751e8b465ee728b)
Start importing Assets/Resources/CardEntityList/Card2 1.asset using Guid(f06e15ffbe91b9f4fb34b684a7da09d8) Importer(815301076,1909f56bfc062723c751e8b465ee728b)  -> (artifact id: 'bf45f57aab5506c5d2f8e1d22b0061e3') in 0.007125 seconds
  Import took 0.013120 seconds .

========================================================================
Received Import Request.
  Time since last request: 3.486301 seconds.
  path: Assets/Resources/CardEntityList/Card3.asset
  artifactKey: Guid(f06e15ffbe91b9f4fb34b684a7da09d8) Importer(815301076,1909f56bfc062723c751e8b465ee728b)
Start importing Assets/Resources/CardEntityList/Card3.asset using Guid(f06e15ffbe91b9f4fb34b684a7da09d8) Importer(815301076,1909f56bfc062723c751e8b465ee728b)  -> (artifact id: '25c6931ea13b525788c8fb1b8ff47a09') in 0.020369 seconds
  Import took 0.023426 seconds .

========================================================================
Received Import Request.
  Time since last request: 0.000698 seconds.
  path: Assets/Resources/CardEntityList/Card3.asset
  artifactKey: Guid(f06e15ffbe91b9f4fb34b684a7da09d8) Importer(815301076,1909f56bfc062723c751e8b465ee728b)
Start importing Assets/Resources/CardEntityList/Card3.asset using Guid(f06e15ffbe91b9f4fb34b684a7da09d8) Importer(815301076,1909f56bfc062723c751e8b465ee728b)  -> (artifact id: '25c6931ea13b525788c8fb1b8ff47a09') in 0.012379 seconds
  Import took 0.016122 seconds .

========================================================================
Received Prepare
Registering precompiled user dll's ...
Registered in 0.000995 seconds.
Begin MonoManager ReloadAssembly
Native extension for WindowsStandalone target not found
Refreshing native plugins compatible for Editor in 0.35 ms, found 1 plugins.
Preloading 0 native plugins for Editor in 0.00 ms.
Invoked RoslynAnalysisRunner static constructor.
RoslynAnalysisRunner will not be running.
RoslynAnalysisRunner has terminated.
Mono: successfully reloaded assembly
- Completed reload, in  1.044 seconds
Platform modules already initialized, skipping
Refreshing native plugins compatible for Editor in 0.35 ms, found 1 plugins.
Preloading 0 native plugins for Editor in 0.00 ms.
Unloading 1809 Unused Serialized files (Serialized files now loaded: 0)
System memory in use before: 85.1 MB.
System memory in use after: 85.1 MB.

Unloading 12 unused Assets to reduce memory usage. Loaded Objects now: 2326.
Total: 2.346000 ms (FindLiveObjects: 0.218100 ms CreateObjectMapping: 0.074500 ms MarkObjects: 1.937400 ms  DeleteObjects: 0.114300 ms)

========================================================================
Received Prepare
Registering precompiled user dll's ...
Registered in 0.001009 seconds.
Begin MonoManager ReloadAssembly
Native extension for WindowsStandalone target not found
Refreshing native plugins compatible for Editor in 0.35 ms, found 1 plugins.
Preloading 0 native plugins for Editor in 0.00 ms.
Invoked RoslynAnalysisRunner static constructor.
RoslynAnalysisRunner will not be running.
RoslynAnalysisRunner has terminated.
Mono: successfully reloaded assembly
- Completed reload, in  1.039 seconds
Platform modules already initialized, skipping
Refreshing native plugins compatible for Editor in 0.46 ms, found 1 plugins.
Preloading 0 native plugins for Editor in 0.00 ms.
Unloading 1809 Unused Serialized files (Serialized files now loaded: 0)
System memory in use before: 85.1 MB.
System memory in use after: 85.1 MB.

Unloading 12 unused Assets to reduce memory usage. Loaded Objects now: 2330.
Total: 2.034000 ms (FindLiveObjects: 0.191700 ms CreateObjectMapping: 0.135200 ms MarkObjects: 1.572300 ms  DeleteObjects: 0.134000 ms)

========================================================================
Received Import Request.
  Time since last request: 91.166546 seconds.
  path: Assets/Resources/CardEntityList/Card3.asset
  artifactKey: Guid(f06e15ffbe91b9f4fb34b684a7da09d8) Importer(815301076,1909f56bfc062723c751e8b465ee728b)
Start importing Assets/Resources/CardEntityList/Card3.asset using Guid(f06e15ffbe91b9f4fb34b684a7da09d8) Importer(815301076,1909f56bfc062723c751e8b465ee728b)  -> (artifact id: '22ab8ad2db716180a9c388c6c096cc52') in 0.014455 seconds
  Import took 0.017512 seconds .

========================================================================
Received Prepare
Registering precompiled user dll's ...
Registered in 0.001328 seconds.
Begin MonoManager ReloadAssembly
Native extension for WindowsStandalone target not found
Refreshing native plugins compatible for Editor in 0.34 ms, found 1 plugins.
Preloading 0 native plugins for Editor in 0.00 ms.
Invoked RoslynAnalysisRunner static constructor.
RoslynAnalysisRunner will not be running.
RoslynAnalysisRunner has terminated.
Mono: successfully reloaded assembly
- Completed reload, in  0.955 seconds
Platform modules already initialized, skipping
Refreshing native plugins compatible for Editor in 0.34 ms, found 1 plugins.
Preloading 0 native plugins for Editor in 0.00 ms.
Unloading 1809 Unused Serialized files (Serialized files now loaded: 0)
System memory in use before: 85.1 MB.
System memory in use after: 85.1 MB.

Unloading 12 unused Assets to reduce memory usage. Loaded Objects now: 2334.
Total: 2.360200 ms (FindLiveObjects: 0.259500 ms CreateObjectMapping: 0.078500 ms MarkObjects: 1.880400 ms  DeleteObjects: 0.140300 ms)

AssetImportWorkerClient::OnTransportError - code=2 error=End of file
